i> 00011730 Build: master@9fa41c27b on Jul 26 2022
i> 00011730 Storage root: C:\Users\alexj\source\repos\XeniaLauncher\XeniaLauncher\bin\Debug\net6.0-windows\XData\Xenia\Aegis Wing
i> 00011730 Loaded config: C:\Users\alexj\source\repos\XeniaLauncher\XeniaLauncher\bin\Debug\net6.0-windows\XData\Xenia\Aegis Wing\xenia.config.toml
i> 00011730 Content root: C:\Users\alexj\source\repos\XeniaLauncher\XeniaLauncher\bin\Debug\net6.0-windows\XData\Xenia\Aegis Wing\content
i> 00011730 Cache root: C:\Users\alexj\source\repos\XeniaLauncher\XeniaLauncher\bin\Debug\net6.0-windows\XData\Xenia\Aegis Wing\cache
i> 00013E8C winkey: "^A" binds key 0x41 to controller input DPAD_LEFT.
i> 00013E8C winkey: "^D" binds key 0x44 to controller input DPAD_RIGHT.
i> 00013E8C winkey: "^S" binds key 0x53 to controller input DPAD_DOWN.
i> 00013E8C winkey: "^W" binds key 0x57 to controller input DPAD_UP.
i> 00013E8C winkey: "_A" binds key 0x41 to controller input LEFT_THUMB_LEFT.
i> 00013E8C winkey: "_D" binds key 0x44 to controller input LEFT_THUMB_RIGHT.
i> 00013E8C winkey: "_S" binds key 0x53 to controller input LEFT_THUMB_DOWN.
i> 00013E8C winkey: "_W" binds key 0x57 to controller input LEFT_THUMB_UP.
i> 00013E8C winkey: "F" binds key 0x46 to controller input LEFT_THUMB_PRESSED.
i> 00013E8C winkey: "0x26" binds key 0x26 to controller input RIGHT_THUMB_UP.
i> 00013E8C winkey: "0x28" binds key 0x28 to controller input RIGHT_THUMB_DOWN.
i> 00013E8C winkey: "0x27" binds key 0x27 to controller input RIGHT_THUMB_RIGHT.
i> 00013E8C winkey: "0x25" binds key 0x25 to controller input RIGHT_THUMB_LEFT.
i> 00013E8C winkey: "K" binds key 0x4B to controller input RIGHT_THUMB_PRESSED.
i> 00013E8C winkey: "L" binds key 0x4C to controller input X.
i> 00013E8C winkey: "0xDE" binds key 0xDE to controller input B.
i> 00013E8C winkey: "0xBA" binds key 0xBA to controller input A.
i> 00013E8C winkey: "P" binds key 0x50 to controller input Y.
i> 00013E8C winkey: "Q" binds key 0x51 to controller input LEFT_TRIGGER.
i> 00013E8C winkey: "I" binds key 0x49 to controller input LEFT_TRIGGER.
i> 00013E8C winkey: "E" binds key 0x45 to controller input RIGHT_TRIGGER.
i> 00013E8C winkey: "O" binds key 0x4F to controller input RIGHT_TRIGGER.
i> 00013E8C winkey: "Z" binds key 0x5A to controller input BACK.
i> 00013E8C winkey: "X" binds key 0x58 to controller input START.
i> 00013E8C winkey: "1" binds key 0x31 to controller input LEFT_SHOULDER.
i> 00013E8C winkey: "3" binds key 0x33 to controller input RIGHT_SHOULDER.
w> 00011730 SDL GameControllerDB: file 'gamecontrollerdb.txt' does not exist.
i> 00013E8C DXGI adapter: NVIDIA GeForce GTX 1660 Ti (vendor 0x10DE, device 0x2182)
i> 00013E8C Direct3D 12 device and OS features:
* Max GPU virtual address bits per resource: 40
* Non-zeroed heap creation: yes
* Pixel-shader-specified stencil reference: no
* Programmable sample positions: tier 2
* Rasterizer-ordered views: yes
* Resource binding: tier 3
* Tiled resources: tier 3
* Unaligned block-compressed textures: yes
i> 00013E8C Added handle:F8000004 for class xe::kernel::XObject
i> 00013E8C XThreadF8000004 (1) Stack: 70010000-70030000
i> 00013E8C Added handle:F8000008 for class xe::kernel::XObject
i> 00013E8C XThreadF8000008 (2) Stack: 70050000-70070000
K> F8000008 XThread::Execute thid 2 (handle=F8000008, 'GPU VSync (F8000008)', native=00011CB0, <host>)
K> F8000004 XThread::Execute thid 1 (handle=F8000004, 'GPU Commands (F8000004)', native=00013E98, <host>)
i> 00013E8C Added handle:F800000C for class xe::kernel::XObject
i> 00013E8C XThreadF800000C (3) Stack: 70090000-700B0000
i> 00013E8C Added handle:F8000010 for class xe::kernel::XObject
K> F800000C XThread::Execute thid 3 (handle=F800000C, 'XMA Decoder (F800000C)', native=00006A8C, <host>)
i> 00013E8C XThreadF8000010 (4) Stack: 700D0000-700F0000
i> 00013E8C Added handle:F8000014 for class xe::kernel::XObject
K> F8000010 XThread::Execute thid 4 (handle=F8000010, 'Audio Worker (F8000010)', native=00013220, <host>)
i> 00013E8C Added handle:F8000018 for class xe::kernel::XObject
i> 00013E8C Added handle:F800001C for class xe::kernel::XObject
i> 00013E8C Loading STFS header file: D:\360 Stuff\Content\0000000000000000\Aegis Wing\000D0000\22A577908CBB1AA2BC3B0D138F5D636EC6563CA158
i> 00013E8C STFS container is a single file.
F> 00013E8C StfsContainerDevice::ResolvePath(\GameInfo.bin)
i> 00013E8C Launching module game:\default.xex
i> 00013E8C Added handle:F8000020 for class xe::kernel::XObject
F> 00013E8C StfsContainerDevice::ResolvePath(\default.xex)
F> 00013E8C StfsContainerDevice::ResolvePath(\default.xexp)
C> 00013E8C WARNING: imported a variable with no value: ExThreadObjectType
C> 00013E8C WARNING: imported a variable with no value: ExEventObjectType
i> 00013E8C Module \Device\Cdrom0\default.xex:
    Module Flags: 00000001
Security Header:
     Image Flags: 10000000
    Load Address: 92000000
      Image Size: 004EB000
    Export Table: 00000000
Optional Header Count: 15
  XEX_HEADER_RESOURCE_INFO:
    5841083C 924CE000-924EA122, 114978b
  XEX_HEADER_FILE_FORMAT_INFO (TODO):
  XEX_HEADER_ENTRY_POINT: 921300B8
  XEX_HEADER_IMAGE_BASE_ADDRESS: 92000000
  XEX_HEADER_IMPORT_LIBRARIES:
    xam.xex - 130 imports
      Version: 0.0.4929.32
      Min Version: 0.0.1861.32
    xboxkrnl.exe - 305 imports
      Version: 0.0.4929.32
      Min Version: 0.0.1861.32
  XEX_HEADER_CHECKSUM_TIMESTAMP (TODO):
  XEX_HEADER_ORIGINAL_PE_NAME: Wingmen.exe
  XEX_HEADER_STATIC_LIBRARIES:
    XAPILIB  : 2.0.4929.0
    LIBCMT   : 2.0.4929.0
    XBOXKRNL : 2.0.4929.0
    D3DX9    : 2.0.4929.0
    XGRAPHC  : 2.0.4929.0
    XHV      : 2.0.4929.0
    XNET     : 2.0.4929.0
    XCAM     : 2.0.4929.0
    XMEDIA   : 2.0.4929.0
    XONLINE  : 2.0.4929.0
    XUIRNDR  : 2.0.4929.0
    XUIRUN   : 2.0.4929.0
    D3D9LTCG : 2.0.4929.0
    XAUDLTCG : 2.0.4929.0
  XEX_HEADER_TLS_INFO:
          Slot Count: 64
    Raw Data Address: 924CD400
           Data Size: 208
       Raw Data Size: 208
  XEX_HEADER_DEFAULT_STACK_SIZE: 65536
  XEX_HEADER_SYSTEM_FLAGS: 00000204
  XEX_HEADER_EXECUTION_INFO:
       Media ID: 3FAB2CBE
       Title ID: 5841083C
    Savegame ID: 5841083C
    Disc Number / Total: 0 / 0
  XEX_HEADER_GAME_RATINGS (TODO):
  XEX_HEADER_LAN_KEY: 00 00 00 00 00 00 00 00 00 00 00 00 00 00 00 00
  XEX_HEADER_XBOX360_LOGO (TODO):
Sections:
    0 RODATA   16 pages    92000000 - 92010000 (65536 bytes)
   16 RODATA   16 pages    92010000 - 92020000 (65536 bytes)
   32 RODATA   16 pages    92020000 - 92030000 (65536 bytes)
   48 RODATA   16 pages    92030000 - 92040000 (65536 bytes)
   64 RODATA   16 pages    92040000 - 92050000 (65536 bytes)
   80 RODATA   16 pages    92050000 - 92060000 (65536 bytes)
   96 RODATA   14 pages    92060000 - 9206E000 (57344 bytes)
  110 CODE      2 pages    9206E000 - 92070000 (8192 bytes)
  112 CODE     16 pages    92070000 - 92080000 (65536 bytes)
  128 CODE     16 pages    92080000 - 92090000 (65536 bytes)
  144 CODE     16 pages    92090000 - 920A0000 (65536 bytes)
  160 CODE     16 pages    920A0000 - 920B0000 (65536 bytes)
  176 CODE     16 pages    920B0000 - 920C0000 (65536 bytes)
  192 CODE     16 pages    920C0000 - 920D0000 (65536 bytes)
  208 CODE     16 pages    920D0000 - 920E0000 (65536 bytes)
  224 CODE     16 pages    920E0000 - 920F0000 (65536 bytes)
  240 CODE     16 pages    920F0000 - 92100000 (65536 bytes)
  256 CODE     16 pages    92100000 - 92110000 (65536 bytes)
  272 CODE     16 pages    92110000 - 92120000 (65536 bytes)
  288 CODE     16 pages    92120000 - 92130000 (65536 bytes)
  304 CODE     16 pages    92130000 - 92140000 (65536 bytes)
  320 CODE     16 pages    92140000 - 92150000 (65536 bytes)
  336 CODE     16 pages    92150000 - 92160000 (65536 bytes)
  352 CODE     16 pages    92160000 - 92170000 (65536 bytes)
  368 CODE     16 pages    92170000 - 92180000 (65536 bytes)
  384 CODE     16 pages    92180000 - 92190000 (65536 bytes)
  400 CODE     16 pages    92190000 - 921A0000 (65536 bytes)
  416 CODE     16 pages    921A0000 - 921B0000 (65536 bytes)
  432 CODE     16 pages    921B0000 - 921C0000 (65536 bytes)
  448 CODE     16 pages    921C0000 - 921D0000 (65536 bytes)
  464 CODE     16 pages    921D0000 - 921E0000 (65536 bytes)
  480 CODE     16 pages    921E0000 - 921F0000 (65536 bytes)
  496 CODE     16 pages    921F0000 - 92200000 (65536 bytes)
  512 CODE     16 pages    92200000 - 92210000 (65536 bytes)
  528 CODE     16 pages    92210000 - 92220000 (65536 bytes)
  544 CODE     16 pages    92220000 - 92230000 (65536 bytes)
  560 CODE     16 pages    92230000 - 92240000 (65536 bytes)
  576 CODE     16 pages    92240000 - 92250000 (65536 bytes)
  592 CODE     16 pages    92250000 - 92260000 (65536 bytes)
  608 CODE     16 pages    92260000 - 92270000 (65536 bytes)
  624 CODE     16 pages    92270000 - 92280000 (65536 bytes)
  640 CODE     16 pages    92280000 - 92290000 (65536 bytes)
  656 CODE     16 pages    92290000 - 922A0000 (65536 bytes)
  672 CODE     16 pages    922A0000 - 922B0000 (65536 bytes)
  688 CODE     16 pages    922B0000 - 922C0000 (65536 bytes)
  704 CODE     16 pages    922C0000 - 922D0000 (65536 bytes)
  720 CODE     16 pages    922D0000 - 922E0000 (65536 bytes)
  736 CODE     16 pages    922E0000 - 922F0000 (65536 bytes)
  752 CODE     16 pages    922F0000 - 92300000 (65536 bytes)
  768 CODE     16 pages    92300000 - 92310000 (65536 bytes)
  784 CODE     16 pages    92310000 - 92320000 (65536 bytes)
  800 CODE     16 pages    92320000 - 92330000 (65536 bytes)
  816 CODE     16 pages    92330000 - 92340000 (65536 bytes)
  832 CODE     16 pages    92340000 - 92350000 (65536 bytes)
  848 CODE     16 pages    92350000 - 92360000 (65536 bytes)
  864 CODE     16 pages    92360000 - 92370000 (65536 bytes)
  880 CODE     16 pages    92370000 - 92380000 (65536 bytes)
  896 CODE     16 pages    92380000 - 92390000 (65536 bytes)
  912 CODE     16 pages    92390000 - 923A0000 (65536 bytes)
  928 CODE     16 pages    923A0000 - 923B0000 (65536 bytes)
  944 CODE     16 pages    923B0000 - 923C0000 (65536 bytes)
  960 CODE     16 pages    923C0000 - 923D0000 (65536 bytes)
  976 CODE     16 pages    923D0000 - 923E0000 (65536 bytes)
  992 CODE     16 pages    923E0000 - 923F0000 (65536 bytes)
  1008 CODE     16 pages    923F0000 - 92400000 (65536 bytes)
  1024 CODE     16 pages    92400000 - 92410000 (65536 bytes)
  1040 CODE     16 pages    92410000 - 92420000 (65536 bytes)
  1056 CODE     16 pages    92420000 - 92430000 (65536 bytes)
  1072 CODE     14 pages    92430000 - 9243E000 (57344 bytes)
  1086 RWDATA    2 pages    9243E000 - 92440000 (8192 bytes)
  1088 RWDATA   16 pages    92440000 - 92450000 (65536 bytes)
  1104 RWDATA   16 pages    92450000 - 92460000 (65536 bytes)
  1120 RWDATA   16 pages    92460000 - 92470000 (65536 bytes)
  1136 RWDATA   16 pages    92470000 - 92480000 (65536 bytes)
  1152 RWDATA   16 pages    92480000 - 92490000 (65536 bytes)
  1168 RWDATA   16 pages    92490000 - 924A0000 (65536 bytes)
  1184 RWDATA   16 pages    924A0000 - 924B0000 (65536 bytes)
  1200 RWDATA   16 pages    924B0000 - 924C0000 (65536 bytes)
  1216 RWDATA   14 pages    924C0000 - 924CE000 (57344 bytes)
  1230 RODATA    2 pages    924CE000 - 924D0000 (8192 bytes)
  1232 RODATA   16 pages    924D0000 - 924E0000 (65536 bytes)
  1248 RODATA   11 pages    924E0000 - 924EB000 (45056 bytes)
Imports:
 xam - 65 imports
   Version: 0.0.4929.32
   Min Version: 0.0.1861.32

         Total:   65
         Known:  100% (65 known, 0 unknown)
   Implemented:   86% (56 implemented, 9 unimplemented)

   F 92000600 923E3ACC 3D1 ( 977)    XGetVideoMode
   F 92000604 923E3ADC 28B ( 651)    XNotifyGetNext
   F 92000608 923E3AEC 3CC ( 972)    XGetGameRegion
   F 9200060C 923E3AFC 1F7 ( 503)    XMsgStartIORequest
   F 92000610 923E3B0C 20E ( 526)    XamUserGetName
   F 92000614 923E3B1C 210 ( 528)    XamUserGetSigninState
   F 92000618 923E3B2C 213 ( 531)    XamUserAreUsersFriends
   F 9200061C 923E3B3C 212 ( 530)    XamUserCheckPrivilege
   F 92000620 923E3B4C 282 ( 642)    XamGetSystemVersion
   F 92000624 923E3B5C 2F7 ( 759) !! XamUserCreateStatsEnumerator
   F 92000628 923E3B6C 2F5 ( 757)    XamReadTileToTexture
   F 9200062C 923E3B7C 30A ( 778)    XamParseGamerTileKey
   F 92000630 923E3B8C 2F0 ( 752)    XamWriteGamerTile
   F 92000634 923E3B9C 20A ( 522)    XamUserGetXUID
   F 92000638 923E3BAC 1A4 ( 420)    XamLoaderLaunchTitle
   F 9200063C 923E3BBC 2BC ( 700)    XamShowSigninUI
   F 92000640 923E3BCC 2D5 ( 725) !! XamShowGamerCardUIForXUID
   F 92000644 923E3BDC 2C5 ( 709) !! XamShowAchievementsUI
   F 92000648 923E3BEC 2C6 ( 710) !! XamShowPlayerReviewUI
   F 9200064C 923E3BFC 2CA ( 714)    XamShowMessageBoxUI
   F 92000650 923E3C0C 190 ( 400)    XamInputGetCapabilities
   F 92000654 923E3C1C 191 ( 401)    XamInputGetState
   F 92000658 923E3C2C 192 ( 402)    XamInputSetState
   F 9200065C 923E3C3C 198 ( 408)    XamInputGetKeystrokeEx
   F 92000660 923E3C4C 1F8 ( 504)    XMsgCancelIORequest
   F 92000664 923E3C5C 250 ( 592)    XamEnumerate
   F 92000668 923E3C6C 28A ( 650)    XamNotifyCreateListener
   F 9200066C 923E3C7C 2DC ( 732) !! XamShowMessageBoxUIEx
   F 92000670 923E3C8C 3CD ( 973)    XGetLanguage
   F 92000674 923E3C9C 3CB ( 971)    XGetAVPack
   F 92000678 923E3CAC 1A9 ( 425)    XamLoaderTerminateTitle
   F 9200067C 923E3CBC 280 ( 640)    XamGetExecutionId
   F 92000680 923E421C 316 ( 790)    XamSessionCreateHandle
   F 92000684 923E420C 317 ( 791)    XamSessionRefObjByHandle
   F 92000688 923E41FC 1EA ( 490)    XamAlloc
   F 9200068C 923E41EC 1EC ( 492)    XamFree
   F 92000690 923E41DC 1F4 ( 500)    XMsgInProcessCall
   F 92000694 923E41CC 21A ( 538)    XamUserWriteProfileSettings
   F 92000698 923E41BC 01B (  27)    NetDll_WSAGetLastError
   F 9200069C 923E41AC 018 (  24)    NetDll_sendto
   F 920006A0 923E419C 014 (  20)    NetDll_recvfrom
   F 920006A4 923E418C 012 (  18)    NetDll_recv
   F 920006A8 923E417C 00B (  11)    NetDll_bind
   F 920006AC 923E416C 007 (   7)    NetDll_setsockopt
   F 920006B0 923E415C 006 (   6)    NetDll_ioctlsocket
   F 920006B4 923E414C 004 (   4)    NetDll_closesocket
   F 920006B8 923E413C 003 (   3)    NetDll_socket
   F 920006BC 923E401C 219 ( 537)    XamUserReadProfileSettings
   F 920006C0 923E402C 30D ( 781)    XamVoiceHeadsetPresent
   F 920006C4 923E403C 30F ( 783)    XamVoiceClose
   F 920006C8 923E404C 30E ( 782) !! XamVoiceSubmitPacket
   F 920006CC 923E405C 30C ( 780)    XamVoiceCreate
   F 920006D0 923E406C 033 (  51)    NetDll_XNetStartup
   F 920006D4 923E407C 034 (  52)    NetDll_XNetCleanup
   F 920006D8 923E408C 039 (  57)    NetDll_XNetXnAddrToInAddr
   F 920006DC 923E409C 03C (  60)    NetDll_XNetInAddrToXnAddr
   F 920006E0 923E40AC 03F (  63) !! NetDll_XNetUnregisterInAddr
   F 920006E4 923E40BC 042 (  66) !! NetDll_XNetGetConnectStatus
   F 920006E8 923E40CC 045 (  69)    NetDll_XNetQosListen
   F 920006EC 923E40DC 046 (  70) !! NetDll_XNetQosLookup
   F 920006F0 923E40EC 048 (  72)    NetDll_XNetQosRelease
   F 920006F4 923E40FC 049 (  73)    NetDll_XNetGetTitleXnAddr
   F 920006F8 923E410C 04B (  75)    NetDll_XNetGetEthernetLinkStatus
   F 920006FC 923E411C 001 (   1)    NetDll_WSAStartup
   F 92000700 923E412C 002 (   2)    NetDll_WSACleanup

 xboxkrnl - 158 imports
   Version: 0.0.4929.32
   Min Version: 0.0.1861.32

         Total:  158
         Known:  100% (158 known, 0 unknown)
   Implemented:   90% (143 implemented, 15 unimplemented)

   F 92000708 923E400C 147 ( 327) !! RtlUnwind
   F 9200070C 923E3FFC 153 ( 339)    KeTlsFree
   F 92000710 923E3FEC 155 ( 341)    KeTlsSetValue
   F 92000714 923E3FDC 154 ( 340)    KeTlsGetValue
   F 92000718 923E3FCC 152 ( 338)    KeTlsAlloc
   F 9200071C 923E3FBC 052 (  82)    KeBugCheck
   F 92000720 923E3FAC 136 ( 310)    RtlRaiseException
   F 92000724 923E3F9C 0EE ( 238)    NtQueryVirtualMemory
   F 92000728 923E3F8C 11B ( 283)    RtlCompareMemoryUlong
   F 9200072C 923E3F7C 0DC ( 220)    NtFreeVirtualMemory
   F 92000730 923E3F6C 066 ( 102)    KeGetCurrentProcessType
   F 92000734 923E3F5C 053 (  83)    KeBugCheckEx
   F 92000738 923E3F4C 126 ( 294)    RtlFillMemoryUlong
   F 9200073C 923E3F3C 0CC ( 204)    NtAllocateVirtualMemory
   F 92000740 923E3F2C 019 (  25)    ExTerminateThread
   F 92000744 923E3F1C 028 (  40)    HalReturnToFirmware
   V 92000748          193 ( 403)    XexExecutableModuleHandle
   F 9200074C 923E3F0C 12B ( 299)    RtlImageXexHeaderField
   F 92000750 923E3EFC 0EF ( 239)    NtQueryVolumeInformationFile
   V 92000754          1AE ( 430)    ExLoadedCommandLine
   F 92000758 923E3EEC 196 ( 406)    XexGetModuleSection
   F 9200075C 923E3EDC 199 ( 409)    XexLoadImage
   F 92000760 923E3ECC 197 ( 407)    XexGetProcedureAddress
   F 92000764 923E3EBC 1A1 ( 417)    XexUnloadImage
   F 92000768 923E3EAC 05A (  90)    KeDelayExecutionThread
   F 9200076C 923E3E9C 143 ( 323)    RtlUnicodeToMultiByteN
   F 92000770 923E3E8C 0F7 ( 247)    NtSetInformationFile
   F 92000774 923E3E7C 0DF ( 223)    NtOpenFile
   F 92000778 923E3E6C 0E4 ( 228)    NtQueryDirectoryFile
   F 9200077C 923E3E5C 00D (  13)    ExCreateThread
   F 92000780 923E3E4C 0E8 ( 232)    NtQueryInformationFile
   F 92000784 923E3E3C 135 ( 309)    RtlNtStatusToDosError
   F 92000788 923E3E2C 1A5 ( 421) !! __C_specific_handler
   F 9200078C 923E3E1C 003 (   3)    DbgPrint
   F 92000790 923E3E0C 194 ( 404)    XexCheckExecutablePrivilege
   F 92000794 923E3DFC 010 (  16)    ExGetXConfigSetting
   F 92000798 923E3DEC 0D1 ( 209)    NtCreateEvent
   V 9200079C          0AD ( 173)    KeTimeStampBundle
   F 920007A0 923E3DDC 083 ( 131)    KeQueryPerformanceFrequency
   F 920007A4 923E3DCC 0C4 ( 196)    MmQueryAddressProtect
   F 920007A8 923E3DBC 0BD ( 189)    MmFreePhysicalMemory
   F 920007AC 923E3DAC 0BA ( 186)    MmAllocatePhysicalMemoryEx
   F 920007B0 923E3D9C 151 ( 337)    vswprintf
   F 920007B4 923E3D8C 0F5 ( 245)    NtResumeThread
   V 920007B8          059 (  89)    KeDebugMonitorData
   F 920007BC 923E3D7C 097 ( 151)    KeSetAffinityThread
   V 920007C0          01B (  27) !! ExThreadObjectType
   F 920007C4 923E3D6C 110 ( 272)    ObReferenceObjectByHandle
   F 920007C8 923E3D5C 099 ( 153)    KeSetBasePriorityThread
   F 920007CC 923E3D4C 105 ( 261)    ObDereferenceObject
   F 920007D0 923E3D3C 0CF ( 207)    NtClose
   F 920007D4 923E3D2C 0F0 ( 240)    NtReadFile
   F 920007D8 923E3D1C 0FD ( 253)    NtWaitForSingleObjectEx
   F 920007DC 923E3D0C 12C ( 300)    RtlInitAnsiString
   F 920007E0 923E3CFC 0D2 ( 210)    NtCreateFile
   F 920007E4 923E3CEC 12E ( 302)    RtlInitializeCriticalSection
   F 920007E8 923E3CDC 130 ( 304)    RtlLeaveCriticalSection
   F 920007EC 923E3CCC 125 ( 293)    RtlEnterCriticalSection
   V 920007F0          1BE ( 446)    VdGlobalDevice
   V 920007F4          266 ( 614)    KeCertMonitorData
   F 920007F8 923E422C 0B1 ( 177)    KfAcquireSpinLock
   F 920007FC 923E423C 0B4 ( 180)    KfReleaseSpinLock
   F 92000800 923E424C 1C7 ( 455)    VdPersistDisplay
   F 92000804 923E425C 25B ( 603)    VdSwap
   F 92000808 923E426C 1BD ( 445)    VdGetSystemCommandBuffer
   F 9200080C 923E427C 1B4 ( 436)    VdEnableDisableClockGating
   F 92000810 923E428C 13B ( 315)    sprintf
   F 92000814 923E429C 1D9 ( 473)    VdSetSystemCommandBufferGpuIdentifierAddress
   F 92000818 923E42AC 1DF ( 479)    KiApcNormalRoutineNop
   F 9200081C 923E42BC 0BE ( 190)    MmGetPhysicalAddress
   F 92000820 923E42CC 089 ( 137)    KeReleaseSpinLockFromRaisedIrql
   F 92000824 923E42DC 1B6 ( 438)    VdEnableRingBufferRPtrWriteBack
   F 92000828 923E42EC 1C3 ( 451)    VdInitializeRingBuffer
   F 9200082C 923E42FC 04D (  77)    KeAcquireSpinLockAtRaisedIrql
   F 92000830 923E430C 1D3 ( 467)    VdSetDisplayMode
   F 92000834 923E431C 1CA ( 458)    VdQueryVideoMode
   F 92000838 923E432C 1BA ( 442)    VdGetCurrentDisplayInformation
   F 9200083C 923E433C 1C9 ( 457)    VdQueryVideoFlags
   F 92000840 923E434C 1D5 ( 469)    VdSetGraphicsInterruptCallback
   F 92000844 923E435C 1C2 ( 450)    VdInitializeEngines
   F 92000848 923E436C 1C6 ( 454)    VdIsHSIOTrainingSucceeded
   F 9200084C 923E437C 1DC ( 476)    VdShutdownEngines
   F 92000850 923E438C 015 (  21)    ExRegisterTitleTerminateNotification
   F 92000854 923E439C 14D ( 333)    _vsnprintf
   V 92000858          158 ( 344)    XboxKrnlVersion
   F 9200085C 923E43AC 1B9 ( 441)    VdGetCurrentDisplayGamma
   F 92000860 923E43BC 1C5 ( 453)    VdInitializeScalerCommandBuffer
   V 92000864          1C0 ( 448)    VdGpuClockInMHz
   F 92000868 923E43CC 1B1 ( 433)    VdCallGraphicsNotificationRoutines
   F 9200086C 923E43DC 104 ( 260)    ObDeleteSymbolicLink
   F 92000870 923E43EC 103 ( 259)    ObCreateSymbolicLink
   F 92000874 923E43FC 07D ( 125)    KeLeaveCriticalRegion
   F 92000878 923E440C 05F (  95)    KeEnterCriticalRegion
   F 9200087C 923E441C 269 ( 617)    VdRetrainEDRAM
   F 92000880 923E442C 26A ( 618)    VdRetrainEDRAMWorker
   V 92000884          1C1 ( 449)    VdHSIOCalibrationLock
   F 92000888 923E443C 08F ( 143)    KeResetEvent
   F 9200088C 923E444C 09D ( 157)    KeSetEvent
   F 92000890 923E445C 06B ( 107)    KeLockL2
   F 92000894 923E446C 06C ( 108)    KeUnlockL2
   F 92000898 923E447C 0B0 ( 176)    KeWaitForSingleObject
   F 9200089C 923E448C 141 ( 321)    RtlTryEnterCriticalSection
   F 920008A0 923E449C 195 ( 405)    XexGetModuleHandle
   F 920008A4 923E44AC 085 ( 133)    KeRaiseIrqlToDpcLevel
   F 920008A8 923E44BC 0B3 ( 179)    KfLowerIrql
   F 920008AC 923E44CC 1F4 ( 500)    XAudioUnregisterRenderDriverClient
   F 920008B0 923E44DC 1F3 ( 499)    XAudioRegisterRenderDriverClient
   F 920008B4 923E44EC 1F5 ( 501)    XAudioSubmitRenderDriverFrame
   F 920008B8 923E44FC 1F8 ( 504)    XAudioGetVoiceCategoryVolume
   F 920008BC 923E450C 092 ( 146)    KeResumeThread
   F 920008C0 923E451C 074 ( 116)    KeInitializeSemaphore
   F 920008C4 923E452C 1F7 ( 503)    XAudioGetVoiceCategoryVolumeChangeMask
   F 920008C8 923E453C 088 ( 136)    KeReleaseSemaphore
   F 920008CC 923E454C 0AF ( 175)    KeWaitForMultipleObjects
   F 920008D0 923E455C 226 ( 550)    XMAReleaseContext
   F 920008D4 923E456C 224 ( 548)    XMACreateContext
   F 920008D8 923E457C 00A (  10) !! ExAllocatePoolWithTag
   F 920008DC 923E458C 00F (  15)    ExFreePool
   F 920008E0 923E459C 008 (   8)    ExAcquireReadWriteLockShared
   F 920008E4 923E45AC 016 (  22)    ExReleaseReadWriteLock
   F 920008E8 923E45BC 222 ( 546)    XUsbcamCreate
   F 920008EC 923E45CC 223 ( 547) !! XUsbcamDestroy
   F 920008F0 923E45DC 21D ( 541)    XUsbcamGetState
   F 920008F4 923E45EC 21C ( 540) !! XUsbcamSetConfig
   F 920008F8 923E45FC 220 ( 544) !! XUsbcamSetView
   F 920008FC 923E460C 21A ( 538) !! XUsbcamSetCaptureMode
   F 92000900 923E461C 21E ( 542) !! XUsbcamReadFrame
   F 92000904 923E462C 007 (   7)    ExAcquireReadWriteLockExclusive
   F 92000908 923E463C 011 (  17)    ExInitializeReadWriteLock
   F 9200090C 923E464C 12F ( 303)    RtlInitializeCriticalSectionAndSpinCount
   V 92000910          00E (  14) !! ExEventObjectType
   F 92000914 923E465C 06D ( 109)    KeInitializeApc
   F 92000918 923E466C 10F ( 271) !! ObReferenceObject
   F 9200091C 923E467C 07A ( 122)    KeInsertQueueApc
   F 92000920 923E468C 166 ( 358) !! XeCryptBnQwBeSigVerify
   F 92000924 923E469C 244 ( 580) !! XeKeysGetKey
   F 92000928 923E46AC 18E ( 398) !! XeCryptRotSumSha
   F 9200092C 923E46BC 192 ( 402)    XeCryptSha
   F 92000930 923E46CC 14F ( 335)    _vscwprintf
   F 92000934 923E46DC 13E ( 318)    swprintf
   F 92000938 923E46EC 13D ( 317)    _snwprintf
   F 9200093C 923E46FC 127 ( 295)    RtlFreeAnsiString
   F 92000940 923E470C 142 ( 322)    RtlUnicodeStringToAnsiString
   F 92000944 923E471C 12D ( 301)    RtlInitUnicodeString
   F 92000948 923E472C 0FF ( 255)    NtWriteFile
   F 9200094C 923E473C 0DB ( 219)    NtFlushBuffersFile
   F 92000950 923E474C 084 ( 132)    KeQuerySystemTime
   F 92000954 923E475C 133 ( 307)    RtlMultiByteToUnicodeN
   F 92000958 923E476C 001 (   1)    DbgBreakPoint
   F 9200095C 923E477C 0E7 ( 231)    NtQueryFullAttributesFile
   F 92000960 923E478C 0F6 ( 246)    NtSetEvent
   F 92000964 923E479C 0CE ( 206)    NtClearEvent
   F 92000968 923E47AC 0CD ( 205)    NtCancelTimer
   F 9200096C 923E47BC 0FA ( 250)    NtSetTimerEx
   F 92000970 923E47CC 0D7 ( 215)    NtCreateTimer
   F 92000974 923E47DC 0DA ( 218)    NtDuplicateObject
   F 92000978 923E47EC 0FE ( 254)    NtWaitForMultipleObjectsEx
   F 9200097C 923E47FC 119 ( 281) !! RtlCaptureContext

G> 00004048 Generated vertex shader (96b) - hash 11215C54F02E6FF6:
/*    0.0 */       exec
/*    3   */          vfetch_full r1, r0.x, vf0, DataFormat=FMT_32_32_32_32_FLOAT, Stride=6, Signed=true, NumFormat=integer, PrefetchCount=6
/*    4   */          vfetch_mini r0.xy__, Offset=4, DataFormat=FMT_32_32_FLOAT, Signed=true, NumFormat=integer
/*    0.1 */       alloc position
/*    1.0 */       exec
/*    5   */          max oPos, r1, r1
/*    1.1 */       alloc interpolators
/*    2.0 */       exece
/*    6   */          max o0.xy__, r0.xyyy, r0.xyyy
/*    2.1 */       cnop

G> 0000EF1C Generated vertex shader (108b) - hash 0A6D1DD7767FDF27:
/*    0.0 */       exec
/*    3   */          vfetch_full r1.xyz1, r0.x, vf95, DataFormat=FMT_32_32_32_FLOAT, Stride=7, Signed=true, NumFormat=integer, PrefetchCount=7
/*    4   */          vfetch_mini r0, Offset=3, DataFormat=FMT_32_32_32_32_FLOAT, Signed=true, NumFormat=integer
/*    0.1 */       alloc interpolators
/*    1.0 */       exec
/*    5   */          max o0, r0, r0
/*    1.1 */       alloc position
/*    2.0 */       exec
/*    6   */          max oPos, r1, r1
/*    2.1 */       exece
/*    7   */          max r0._, c0, c0

G> 0000EF1C Generated pixel shader (60b) - hash 1737D76853C430B2:
/*    0.0 */       exec
/*    2   */          tfetch2D r0.w___, r0.xy, tf0
/*    0.1 */       alloc colors
/*    1.0 */       exece
/*    3   */          max oC0.xyz_, c1.xyzz, c1.xyzz
              +       mulsc oC0.___w, c1.w, r0.x
/*    1.1 */       cnop

G> 0000C778 Generated pixel shader (60b) - hash 1E70EB9513D670C9:
/*    0.0 */       exec
/*    2   */          tfetch2D r0, r0.xy, tf0
/*    0.1 */       alloc colors
/*    1.0 */       exece
/*    3   */          max oC0, r0, r0
/*    1.1 */       cnop

G> 0000FA30 Generated vertex shader (204b) - hash 6BAB79FEBEF71864:
/*    0.0 */       exec
/*    3   */          vfetch_full r1.xy1_, r0.x, vf0, DataFormat=FMT_32_32_FLOAT, Stride=4, Signed=true, NumFormat=integer, PrefetchCount=4
/*    4   */          vfetch_mini r0.xy__, Offset=2, DataFormat=FMT_32_32_FLOAT, Signed=true, NumFormat=integer
/*    0.1 */       alloc position
/*    1.0 */       exec
/*    5   */          mul r2.x___, c8.xxxx, c4.zzzz
/*    6   */          dp3 r3.x___, c3.xyww, r1.xyzz
/*    7   */          dp3 r3._y__, c1.xyww, r1.xyzz
              +       maxs r0._, c8.xx
/*    8   */          dp3 r3.__z_, c0.yxww, r1.yxzz
              +       muls_prev r2._y__, c5.z
/*    9   */          dp3 r1.x___, r3.xzyy, c4.wxyy
              +       maxs r0._, c8.xx
/*   10   */          dp3 r1._y__, r3.xzyy, c5.wxyy
              +       muls_prev r2.__z_, c6.z
/*    1.1 */       exec
/*   11   */          dp3 r1.__z_, r3.xzyy, c6.wxyy
              +       maxs r0._, c8.xx
/*   12   */          dp3 r1.___w, r3.xzyy, c7.wxyy
              +       muls_prev r2.___w, c7.z
/*   13   */          add oPos, r2, r1
/*    2.0 */       alloc interpolators
/*    2.1 */       exece
/*   14   */          max o0.xy__, r0.xyyy, r0.xyyy
/*   15   */          add o1.xy__, r0.xyyy, -c9.xyyy

G> F8000004 Translated 5 shaders from the storage in 0 milliseconds
G> 000146E0 Creating graphics pipeline with VS 0A6D1DD7767FDF27
G> 00010A40 Creating graphics pipeline with VS 11215C54F02E6FF6, PS 1E70EB9513D670C9
G> F8000004 Creating graphics pipeline with VS 6BAB79FEBEF71864, PS 1737D76853C430B2
G> F8000004 Created 3 graphics pipelines (not including reading the descriptions) from the storage in 3 milliseconds
i> 00013E8C Added handle:F8000024 for class xe::kernel::XObject
i> 00013E8C XThreadF8000024 (5) Stack: 70110000-70130000
i> 00013E8C KernelState: Launching module...
i> 00013E8C Added handle:F8000028 for class xe::kernel::XObject
i> 00013E8C XThreadF8000028 (6) Stack: 70150000-70160000
K> F8000024 XThread::Execute thid 5 (handle=F8000024, 'Kernel Dispatch (F8000024)', native=0000F5A0, <host>)
K> F8000028 XThread::Execute thid 6 (handle=F8000028, 'Main XThread (F8000028)', native=00002750)
G> F8000028 SetInterruptCallback(920FE5C0, 40001600)
i> F8000028 Added handle:F800002C for class xe::kernel::XObject
i> F8000028 XThreadF800002C (7) Stack: 70180000-70190000
i> F8000028 Added handle:F8000030 for class xe::kernel::XObject
K> F800002C XThread::Execute thid 7 (handle=F800002C, 'XThread147B8 (F800002C)', native=000147B8)
i> F8000028 XThreadF8000030 (8) Stack: 701B0000-701C0000
K> F8000030 XThread::Execute thid 8 (handle=F8000030, 'XThread8AE0 (F8000030)', native=00008AE0)
w> F8000004 GPU: Write to unknown register (0081 = 80010000)
w> F8000004 GPU: Write to unknown register (0082 = 00000000)
i> F8000030 Added handle:F8000034 for class xe::kernel::XObject
i> F800002C Added handle:F8000038 for class xe::kernel::XObject
i> F8000030 Added handle:F800003C for class xe::kernel::XObject
F> F8000028 StfsContainerDevice::ResolvePath(\Media\Shaders)
i> F8000028 Added handle:F8000040 for class xe::kernel::XObject
i> F8000028 Removed handle:F8000040 for class xe::kernel::XFile
F> F8000028 StfsContainerDevice::ResolvePath(\Media\Shaders)
i> F8000028 Added handle:F8000040 for class xe::kernel::XObject
i> F8000028 Removed handle:F8000040 for class xe::kernel::XFile
F> F8000028 StfsContainerDevice::ResolvePath(\Media\Shaders)
i> F8000028 Added handle:F8000040 for class xe::kernel::XObject
i> F8000028 Removed handle:F8000040 for class xe::kernel::XFile
F> F8000028 StfsContainerDevice::ResolvePath(\Media\Shaders)
i> F8000028 Added handle:F8000040 for class xe::kernel::XObject
i> F8000028 Removed handle:F8000040 for class xe::kernel::XFile
F> F8000028 StfsContainerDevice::ResolvePath(\Media\Shaders)
i> F8000028 Added handle:F8000040 for class xe::kernel::XObject
i> F8000028 Removed handle:F8000040 for class xe::kernel::XFile
F> F8000028 StfsContainerDevice::ResolvePath(\Media\Shaders)
i> F8000028 Added handle:F8000040 for class xe::kernel::XObject
i> F8000028 Removed handle:F8000040 for class xe::kernel::XFile
F> F8000028 StfsContainerDevice::ResolvePath(\Media\Shaders)
i> F8000028 Added handle:F8000040 for class xe::kernel::XObject
i> F8000028 Removed handle:F8000040 for class xe::kernel::XFile
F> F8000028 StfsContainerDevice::ResolvePath(\Media\Shaders)
i> F8000028 Added handle:F8000040 for class xe::kernel::XObject
i> F8000028 Removed handle:F8000040 for class xe::kernel::XFile
F> F8000028 StfsContainerDevice::ResolvePath(\Media\Shaders)
i> F8000028 Added handle:F8000040 for class xe::kernel::XObject
i> F8000028 Removed handle:F8000040 for class xe::kernel::XFile
F> F8000028 StfsContainerDevice::ResolvePath(\Media\Shaders)
i> F8000028 Added handle:F8000040 for class xe::kernel::XObject
i> F8000028 Removed handle:F8000040 for class xe::kernel::XFile
F> F8000028 StfsContainerDevice::ResolvePath(\Media\Shaders)
i> F8000028 Added handle:F8000040 for class xe::kernel::XObject
i> F8000028 Removed handle:F8000040 for class xe::kernel::XFile
F> F8000028 StfsContainerDevice::ResolvePath(\Media\Shaders)
i> F8000028 Added handle:F8000040 for class xe::kernel::XObject
i> F8000028 Removed handle:F8000040 for class xe::kernel::XFile
F> F8000028 StfsContainerDevice::ResolvePath(\Media\Shaders)
i> F8000028 Added handle:F8000040 for class xe::kernel::XObject
i> F8000028 Removed handle:F8000040 for class xe::kernel::XFile
F> F8000028 StfsContainerDevice::ResolvePath(\Media\Shaders)
i> F8000028 Added handle:F8000040 for class xe::kernel::XObject
i> F8000028 Removed handle:F8000040 for class xe::kernel::XFile
F> F8000028 StfsContainerDevice::ResolvePath(\Media\Shaders)
i> F8000028 Added handle:F8000040 for class xe::kernel::XObject
i> F8000028 Removed handle:F8000040 for class xe::kernel::XFile
F> F8000028 StfsContainerDevice::ResolvePath(\Media\Shaders)
i> F8000028 Added handle:F8000040 for class xe::kernel::XObject
i> F8000028 Removed handle:F8000040 for class xe::kernel::XFile
F> F8000028 StfsContainerDevice::ResolvePath(\Media\Shaders)
i> F8000028 Added handle:F8000040 for class xe::kernel::XObject
i> F8000028 Removed handle:F8000040 for class xe::kernel::XFile
F> F8000028 StfsContainerDevice::ResolvePath(\Media\Shaders)
i> F8000028 Added handle:F8000040 for class xe::kernel::XObject
i> F8000028 Removed handle:F8000040 for class xe::kernel::XFile
F> F8000028 StfsContainerDevice::ResolvePath(\Media\Shaders)
i> F8000028 Added handle:F8000040 for class xe::kernel::XObject
i> F8000028 Removed handle:F8000040 for class xe::kernel::XFile
F> F8000028 StfsContainerDevice::ResolvePath(\Media\Shaders)
i> F8000028 Added handle:F8000040 for class xe::kernel::XObject
i> F8000028 Removed handle:F8000040 for class xe::kernel::XFile
F> F8000028 StfsContainerDevice::ResolvePath(\Media\Shaders)
i> F8000028 Added handle:F8000040 for class xe::kernel::XObject
i> F8000028 Removed handle:F8000040 for class xe::kernel::XFile
F> F8000028 StfsContainerDevice::ResolvePath(\Media\Shaders)
i> F8000028 Added handle:F8000040 for class xe::kernel::XObject
i> F8000028 Removed handle:F8000040 for class xe::kernel::XFile
F> F8000028 StfsContainerDevice::ResolvePath(\Media\Shaders)
i> F8000028 Added handle:F8000040 for class xe::kernel::XObject
i> F8000028 Removed handle:F8000040 for class xe::kernel::XFile
F> F8000028 StfsContainerDevice::ResolvePath(\Media\Shaders)
i> F8000028 Added handle:F8000040 for class xe::kernel::XObject
i> F8000028 Removed handle:F8000040 for class xe::kernel::XFile
F> F8000028 StfsContainerDevice::ResolvePath(\Media\Shaders)
i> F8000028 Added handle:F8000040 for class xe::kernel::XObject
i> F8000028 Removed handle:F8000040 for class xe::kernel::XFile
F> F8000028 StfsContainerDevice::ResolvePath(\Media\Shaders)
i> F8000028 Added handle:F8000040 for class xe::kernel::XObject
i> F8000028 Removed handle:F8000040 for class xe::kernel::XFile
F> F8000028 StfsContainerDevice::ResolvePath(\Media\Shaders)
i> F8000028 Added handle:F8000040 for class xe::kernel::XObject
i> F8000028 Removed handle:F8000040 for class xe::kernel::XFile
F> F8000028 StfsContainerDevice::ResolvePath(\Media\Shaders)
i> F8000028 Added handle:F8000040 for class xe::kernel::XObject
i> F8000028 Removed handle:F8000040 for class xe::kernel::XFile
F> F8000028 StfsContainerDevice::ResolvePath(\Media\Shaders)
i> F8000028 Added handle:F8000040 for class xe::kernel::XObject
i> F8000028 Removed handle:F8000040 for class xe::kernel::XFile
F> F8000028 StfsContainerDevice::ResolvePath(\Media\Shaders)
i> F8000028 Added handle:F8000040 for class xe::kernel::XObject
i> F8000028 Removed handle:F8000040 for class xe::kernel::XFile
F> F8000028 StfsContainerDevice::ResolvePath(\Media\Shaders)
i> F8000028 Added handle:F8000040 for class xe::kernel::XObject
i> F8000028 Removed handle:F8000040 for class xe::kernel::XFile
F> F8000028 StfsContainerDevice::ResolvePath(\Media\Shaders)
i> F8000028 Added handle:F8000040 for class xe::kernel::XObject
i> F8000028 Removed handle:F8000040 for class xe::kernel::XFile
F> F8000028 StfsContainerDevice::ResolvePath(\Media\Shaders)
i> F8000028 Added handle:F8000040 for class xe::kernel::XObject
i> F8000028 Removed handle:F8000040 for class xe::kernel::XFile
F> F8000028 StfsContainerDevice::ResolvePath(\Media\Splash)
i> F8000028 Added handle:F8000040 for class xe::kernel::XObject
i> F8000028 Removed handle:F8000040 for class xe::kernel::XFile
F> F8000028 StfsContainerDevice::ResolvePath(\Media\Splash)
i> F8000028 Added handle:F8000040 for class xe::kernel::XObject
i> F8000028 Removed handle:F8000040 for class xe::kernel::XFile
F> F8000028 StfsContainerDevice::ResolvePath(\Media\Splash)
i> F8000028 Added handle:F8000040 for class xe::kernel::XObject
i> F8000028 Removed handle:F8000040 for class xe::kernel::XFile
F> F8000028 StfsContainerDevice::ResolvePath(\Media\Splash)
i> F8000028 Added handle:F8000040 for class xe::kernel::XObject
i> F8000028 Removed handle:F8000040 for class xe::kernel::XFile
F> F8000028 StfsContainerDevice::ResolvePath(\Media\Splash)
i> F8000028 Added handle:F8000040 for class xe::kernel::XObject
i> F8000028 Removed handle:F8000040 for class xe::kernel::XFile
F> F8000028 StfsContainerDevice::ResolvePath(\Media\Splash)
i> F8000028 Added handle:F8000040 for class xe::kernel::XObject
i> F8000028 Removed handle:F8000040 for class xe::kernel::XFile
i> F8000028 VdSwap(B3491928, 7015EF00, FFCA3008, 7015EF50, BEEF0001, 7015EEE4(F30F3000), 7015EEE0(00000006), 7015EEEC(00000000), 7015EEF0(00000500), 7015EEE8(000002D0))
F> F8000028 StfsContainerDevice::ResolvePath(\Media\shaders)
i> F8000028 Added handle:F8000040 for class xe::kernel::XObject
i> F8000028 Removed handle:F8000040 for class xe::kernel::XFile
G> F8000004 Created a 640x1024 4xMSAA depth render target with guest format 0 at EDRAM base 0
i> F8000028 Added handle:F8000040 for class xe::kernel::XObject
i> F8000028 Added handle:F8000044 for class xe::kernel::XObject
i> F8000028 XThreadF8000044 (9) Stack: 701E0000-701F0000
i> F8000028 Added handle:F8000048 for class xe::kernel::XObject
i> F8000028 XThreadF8000048 (A) Stack: 70210000-70220000
K> F8000044 XThread::Execute thid 9 (handle=F8000044, 'XThread12494 (F8000044)', native=00012494)
K> F8000048 XThread::Execute thid 10 (handle=F8000048, 'XThread156F0 (F8000048)', native=000156F0)
i> F8000010 Added handle:F800004C for class xe::kernel::XObject
i> F8000010 Added handle:F8000050 for class xe::kernel::XObject
i> F8000010 Added handle:F8000054 for class xe::kernel::XObject
i> F8000028 Added handle:F8000058 for class xe::kernel::XObject
i> F8000028 Added handle:F800005C for class xe::kernel::XObject
i> F8000028 Added handle:F8000060 for class xe::kernel::XObject
i> F8000028 XThreadF8000060 (B) Stack: 70240000-70250000
K> F8000060 XThread::Execute thid 11 (handle=F8000060, 'XThread11898 (F8000060)', native=00011898)
i> F8000060 Added handle:F8000064 for class xe::kernel::XObject
i> F8000028 Added handle:F8000068 for class xe::kernel::XObject
F> F8000028 StfsContainerDevice::ResolvePath(\media)
i> F8000028 Added handle:F800006C for class xe::kernel::XObject
G> F8000004 Created a 1280x2048 1xMSAA color render target with guest format 0 at EDRAM base 0
i> F8000004 XE_SWAP
G> F8000004 Created tiled 1280x720x1 2D k_8_8_8_8 texture with 1 unpacked mip level, base at 0x130F4000 (pitch 1280, size 0x00398000), mips at 0x00000000 (size 0x00000000)
G> F8000004 Loaded tiled 1280x720x1 2D k_8_8_8_8 texture with 1 unpacked mip level, base at 0x130F4000 (pitch 1280, size 0x00398000), mips at 0x00000000 (size 0x00000000)
w> F8000004 GPU: Write to unknown register (1E4E = 00000000)
i> F8000028 Removed handle:F800006C for class xe::kernel::XFile
F> F8000028 StfsContainerDevice::ResolvePath(\media)
i> F8000028 Added handle:F800006C for class xe::kernel::XObject
i> F8000028 Removed handle:F800006C for class xe::kernel::XFile
F> F8000028 StfsContainerDevice::ResolvePath(\media)
i> F8000028 Added handle:F800006C for class xe::kernel::XObject
i> F8000028 Removed handle:F800006C for class xe::kernel::XFile
F> F8000028 StfsContainerDevice::ResolvePath(\media)
i> F8000028 Added handle:F800006C for class xe::kernel::XObject
i> F8000028 Removed handle:F800006C for class xe::kernel::XFile
F> F8000028 StfsContainerDevice::ResolvePath(\media)
i> F8000028 Added handle:F800006C for class xe::kernel::XObject
i> F8000028 Removed handle:F800006C for class xe::kernel::XFile
i> F8000028 Added handle:F800006C for class xe::kernel::XObject
i> F8000028 XThreadF800006C (C) Stack: 70270000-70280000
K> F800006C XThread::Execute thid 12 (handle=F800006C, 'XThread13F28 (F800006C)', native=00013F28)
i> F8000028 VdSwap(B34D38B0, 7015EF00, FFCA3008, 7015EF50, BEEF0001, 7015EEE4(F2D5B000), 7015EEE0(00000006), 7015EEEC(00000000), 7015EEF0(00000500), 7015EEE8(000002D0))
G> F8000004 Created linear 2048x1024x1 2D k_8_8_8_8 texture with 12 packed mip levels, base at 0x12117000 (pitch 2048, size 0x00800000), mips at 0x11E6B000 (size 0x002ABF80)
F> F800006C StfsContainerDevice::ResolvePath(\Media)
i> F800006C Added handle:F8000070 for class xe::kernel::XObject
i> F800006C xeRtlNtStatusToDosError 80000006 => 12
F> F800006C StfsContainerDevice::ResolvePath(\Media)
i> F800006C Added handle:F8000074 for class xe::kernel::XObject
i> F800006C Removed handle:F8000074 for class xe::kernel::XFile
i> F800006C xeRtlNtStatusToDosError C000000F => 2
F> F800006C StfsContainerDevice::ResolvePath(\Media)
i> F800006C Added handle:F8000074 for class xe::kernel::XObject
i> F800006C xeRtlNtStatusToDosError 80000006 => 12
F> F800006C StfsContainerDevice::ResolvePath(\Media)
i> F800006C Added handle:F8000078 for class xe::kernel::XObject
i> F800006C xeRtlNtStatusToDosError 80000006 => 12
i> F800006C Added handle:F800007C for class xe::kernel::XObject
i> F800006C XThreadF800007C (D) Stack: 702A0000-702B0000
i> F800006C Added handle:F8000080 for class xe::kernel::XObject
i> F800006C XThreadF8000080 (E) Stack: 702D0000-702E0000
K> F800007C XThread::Execute thid 13 (handle=F800007C, 'XThreadBE44 (F800007C)', native=0000BE44)
i> F800006C Added handle:F8000084 for class xe::kernel::XObject
i> F800006C XThreadF8000084 (F) Stack: 70300000-70310000
K> F8000080 XThread::Execute thid 14 (handle=F8000080, 'XThreadB184 (F8000080)', native=0000B184)
K> F8000084 XThread::Execute thid 15 (handle=F8000084, 'XThread7E54 (F8000084)', native=00007E54)
G> F8000004 Loaded linear 2048x1024x1 2D k_8_8_8_8 texture with 12 packed mip levels, base at 0x12117000 (pitch 2048, size 0x00800000), mips at 0x11E6B000 (size 0x002ABF80)
G> F8000004 Created linear 256x256x1 2D k_8 texture with 1 unpacked mip level, base at 0x11CBE000 (pitch 256, size 0x00010000), mips at 0x00000000 (size 0x00000000)
G> F8000004 Loaded linear 256x256x1 2D k_8 texture with 1 unpacked mip level, base at 0x11CBE000 (pitch 256, size 0x00010000), mips at 0x00000000 (size 0x00000000)
F> F8000080 StfsContainerDevice::ResolvePath(\Media\Textures)
i> F8000080 Added handle:F8000088 for class xe::kernel::XObject
F> F800007C StfsContainerDevice::ResolvePath(\Media\Textures)
i> F800007C Added handle:F800008C for class xe::kernel::XObject
F> F8000084 StfsContainerDevice::ResolvePath(\Media\Textures)
i> F8000084 Added handle:F8000090 for class xe::kernel::XObject
i> F8000004 XE_SWAP
G> F8000004 Created tiled 1280x720x1 2D k_8_8_8_8 texture with 1 unpacked mip level, base at 0x12D5C000 (pitch 1280, size 0x00398000), mips at 0x00000000 (size 0x00000000)
G> F8000004 Loaded tiled 1280x720x1 2D k_8_8_8_8 texture with 1 unpacked mip level, base at 0x12D5C000 (pitch 1280, size 0x00398000), mips at 0x00000000 (size 0x00000000)
i> F8000080 Removed handle:F8000088 for class xe::kernel::XFile
F> F8000080 StfsContainerDevice::ResolvePath(\Media\Textures)
i> F8000080 Added handle:F8000088 for class xe::kernel::XObject
i> F800007C Added handle:F8000094 for class xe::kernel::XObject
i> F800007C Removed handle:F800008C for class xe::kernel::XFile
i> F8000084 Removed handle:F8000090 for class xe::kernel::XFile
i> F8000028 VdSwap(B3512EE0, 7015EF00, FFCA3008, 7015EF50, BEEF0001, 7015EEE4(F30F3000), 7015EEE0(00000006), 7015EEEC(00000000), 7015EEF0(00000500), 7015EEE8(000002D0))
i> F8000004 XE_SWAP
G> F8000004 Loaded tiled 1280x720x1 2D k_8_8_8_8 texture with 1 unpacked mip level, base at 0x130F4000 (pitch 1280, size 0x00398000), mips at 0x00000000 (size 0x00000000)
i> F8000028 VdSwap(B35531E0, 7015EF00, FFCA3008, 7015EF50, BEEF0001, 7015EEE4(F2D5B000), 7015EEE0(00000006), 7015EEEC(00000000), 7015EEF0(00000500), 7015EEE8(000002D0))
i> F8000004 XE_SWAP
G> F8000004 Loaded tiled 1280x720x1 2D k_8_8_8_8 texture with 1 unpacked mip level, base at 0x12D5C000 (pitch 1280, size 0x00398000), mips at 0x00000000 (size 0x00000000)
i> F8000080 Removed handle:F8000088 for class xe::kernel::XFile
F> F8000080 StfsContainerDevice::ResolvePath(\Media\Textures)
i> F8000080 Added handle:F8000088 for class xe::kernel::XObject
i> F8000028 VdSwap(B35934E0, 7015EF00, FFCA3008, 7015EF50, BEEF0001, 7015EEE4(F30F3000), 7015EEE0(00000006), 7015EEEC(00000000), 7015EEF0(00000500), 7015EEE8(000002D0))
i> F8000004 XE_SWAP
G> F8000004 Loaded tiled 1280x720x1 2D k_8_8_8_8 texture with 1 unpacked mip level, base at 0x130F4000 (pitch 1280, size 0x00398000), mips at 0x00000000 (size 0x00000000)
i> F8000028 VdSwap(B35D37E0, 7015EF00, FFCA3008, 7015EF50, BEEF0001, 7015EEE4(F2D5B000), 7015EEE0(00000006), 7015EEEC(00000000), 7015EEF0(00000500), 7015EEE8(000002D0))
i> F8000004 XE_SWAP
G> F8000004 Loaded tiled 1280x720x1 2D k_8_8_8_8 texture with 1 unpacked mip level, base at 0x12D5C000 (pitch 1280, size 0x00398000), mips at 0x00000000 (size 0x00000000)
i> F8000080 Removed handle:F8000088 for class xe::kernel::XFile
F> F8000080 StfsContainerDevice::ResolvePath(\Media\Textures)
i> F8000080 Added handle:F8000088 for class xe::kernel::XObject
i> F8000028 VdSwap(B3613AE0, 7015EF00, FFCA3008, 7015EF50, BEEF0001, 7015EEE4(F30F3000), 7015EEE0(00000006), 7015EEEC(00000000), 7015EEF0(00000500), 7015EEE8(000002D0))
i> F8000004 XE_SWAP
G> F8000004 Loaded tiled 1280x720x1 2D k_8_8_8_8 texture with 1 unpacked mip level, base at 0x130F4000 (pitch 1280, size 0x00398000), mips at 0x00000000 (size 0x00000000)
i> F8000028 VdSwap(B3653DE0, 7015EF00, FFCA3008, 7015EF50, BEEF0001, 7015EEE4(F2D5B000), 7015EEE0(00000006), 7015EEEC(00000000), 7015EEF0(00000500), 7015EEE8(000002D0))
i> F8000004 XE_SWAP
G> F8000004 Loaded tiled 1280x720x1 2D k_8_8_8_8 texture with 1 unpacked mip level, base at 0x12D5C000 (pitch 1280, size 0x00398000), mips at 0x00000000 (size 0x00000000)
i> F8000080 Removed handle:F8000088 for class xe::kernel::XFile
F> F8000080 StfsContainerDevice::ResolvePath(\Media\Textures)
i> F8000080 Added handle:F8000088 for class xe::kernel::XObject
i> F8000080 Removed handle:F8000088 for class xe::kernel::XFile
F> F8000080 StfsContainerDevice::ResolvePath(\Media\Textures)
i> F8000080 Added handle:F8000088 for class xe::kernel::XObject
i> F8000080 Removed handle:F8000088 for class xe::kernel::XFile
F> F8000080 StfsContainerDevice::ResolvePath(\Media\Textures)
i> F8000080 Added handle:F8000088 for class xe::kernel::XObject
i> F8000080 Removed handle:F8000088 for class xe::kernel::XFile
F> F8000080 StfsContainerDevice::ResolvePath(\Media\Textures)
i> F8000080 Added handle:F8000088 for class xe::kernel::XObject
i> F8000080 Removed handle:F8000088 for class xe::kernel::XFile
F> F8000080 StfsContainerDevice::ResolvePath(\Media\Textures)
i> F8000080 Added handle:F8000088 for class xe::kernel::XObject
i> F8000080 Removed handle:F8000088 for class xe::kernel::XFile
F> F8000080 StfsContainerDevice::ResolvePath(\Media\Textures)
i> F8000080 Added handle:F8000088 for class xe::kernel::XObject
i> F8000080 Removed handle:F8000088 for class xe::kernel::XFile
F> F8000080 StfsContainerDevice::ResolvePath(\Media\Textures)
i> F8000080 Added handle:F8000088 for class xe::kernel::XObject
i> F8000080 Removed handle:F8000088 for class xe::kernel::XFile
F> F8000080 StfsContainerDevice::ResolvePath(\Media\Textures)
i> F8000080 Added handle:F8000088 for class xe::kernel::XObject
i> F8000080 Removed handle:F8000088 for class xe::kernel::XFile
F> F8000080 StfsContainerDevice::ResolvePath(\Media\Textures)
i> F8000080 Added handle:F8000088 for class xe::kernel::XObject
i> F8000080 Removed handle:F8000088 for class xe::kernel::XFile
F> F8000080 StfsContainerDevice::ResolvePath(\Media\Textures)
i> F8000080 Added handle:F8000088 for class xe::kernel::XObject
i> F8000080 Removed handle:F8000088 for class xe::kernel::XFile
F> F8000080 StfsContainerDevice::ResolvePath(\Media\Textures)
i> F8000080 Added handle:F8000088 for class xe::kernel::XObject
i> F8000080 Removed handle:F8000088 for class xe::kernel::XFile
F> F8000080 StfsContainerDevice::ResolvePath(\Media\Textures)
i> F8000080 Added handle:F8000088 for class xe::kernel::XObject
i> F8000080 Removed handle:F8000088 for class xe::kernel::XFile
F> F8000080 StfsContainerDevice::ResolvePath(\Media\Textures)
i> F8000080 Added handle:F8000088 for class xe::kernel::XObject
i> F8000080 Removed handle:F8000088 for class xe::kernel::XFile
F> F8000080 StfsContainerDevice::ResolvePath(\Media\Textures)
i> F8000080 Added handle:F8000088 for class xe::kernel::XObject
i> F8000080 Removed handle:F8000088 for class xe::kernel::XFile
F> F8000080 StfsContainerDevice::ResolvePath(\Media\Textures)
i> F8000080 Added handle:F8000088 for class xe::kernel::XObject
i> F8000080 Removed handle:F8000088 for class xe::kernel::XFile
F> F8000080 StfsContainerDevice::ResolvePath(\Media\Textures)
i> F8000080 Added handle:F8000088 for class xe::kernel::XObject
i> F8000080 Removed handle:F8000088 for class xe::kernel::XFile
F> F8000080 StfsContainerDevice::ResolvePath(\Media\Textures)
i> F8000080 Added handle:F8000088 for class xe::kernel::XObject
i> F8000080 Removed handle:F8000088 for class xe::kernel::XFile
F> F8000080 StfsContainerDevice::ResolvePath(\Media\Textures)
i> F8000080 Added handle:F8000088 for class xe::kernel::XObject
i> F8000080 Removed handle:F8000088 for class xe::kernel::XFile
F> F8000080 StfsContainerDevice::ResolvePath(\Media\Textures)
i> F8000080 Added handle:F8000088 for class xe::kernel::XObject
i> F8000080 Removed handle:F8000088 for class xe::kernel::XFile
F> F8000080 StfsContainerDevice::ResolvePath(\Media\Textures)
i> F8000080 Added handle:F8000088 for class xe::kernel::XObject
i> F8000080 Removed handle:F8000088 for class xe::kernel::XFile
F> F8000080 StfsContainerDevice::ResolvePath(\Media\Textures)
i> F8000080 Added handle:F8000088 for class xe::kernel::XObject
i> F8000080 Removed handle:F8000088 for class xe::kernel::XFile
F> F8000080 StfsContainerDevice::ResolvePath(\Media\Textures)
i> F8000080 Added handle:F8000088 for class xe::kernel::XObject
i> F8000080 Removed handle:F8000088 for class xe::kernel::XFile
F> F8000080 StfsContainerDevice::ResolvePath(\Media\Textures)
i> F8000080 Added handle:F8000088 for class xe::kernel::XObject
i> F8000080 Removed handle:F8000088 for class xe::kernel::XFile
F> F8000080 StfsContainerDevice::ResolvePath(\Media\Textures)
i> F8000080 Added handle:F8000088 for class xe::kernel::XObject
i> F8000080 Removed handle:F8000088 for class xe::kernel::XFile
F> F8000080 StfsContainerDevice::ResolvePath(\Media\Textures)
i> F8000080 Added handle:F8000088 for class xe::kernel::XObject
i> F8000080 Removed handle:F8000088 for class xe::kernel::XFile
F> F8000080 StfsContainerDevice::ResolvePath(\Media\Textures)
i> F8000080 Added handle:F8000088 for class xe::kernel::XObject
i> F8000080 Removed handle:F8000088 for class xe::kernel::XFile
F> F8000080 StfsContainerDevice::ResolvePath(\Media\Textures)
i> F8000080 Added handle:F8000088 for class xe::kernel::XObject
i> F8000080 Removed handle:F8000088 for class xe::kernel::XFile
F> F8000080 StfsContainerDevice::ResolvePath(\Media\Textures)
i> F8000080 Added handle:F8000088 for class xe::kernel::XObject
i> F8000080 Removed handle:F8000088 for class xe::kernel::XFile
F> F8000080 StfsContainerDevice::ResolvePath(\Media\Textures)
i> F8000080 Added handle:F8000088 for class xe::kernel::XObject
i> F8000080 Removed handle:F8000088 for class xe::kernel::XFile
F> F8000080 StfsContainerDevice::ResolvePath(\Media\Textures)
i> F8000080 Added handle:F8000088 for class xe::kernel::XObject
i> F8000080 Removed handle:F8000088 for class xe::kernel::XFile
F> F8000080 StfsContainerDevice::ResolvePath(\Media\Textures)
i> F8000080 Added handle:F8000088 for class xe::kernel::XObject
i> F8000080 Removed handle:F8000088 for class xe::kernel::XFile
F> F8000080 StfsContainerDevice::ResolvePath(\Media\Textures)
i> F8000080 Added handle:F8000088 for class xe::kernel::XObject
i> F8000080 Removed handle:F8000088 for class xe::kernel::XFile
F> F8000080 StfsContainerDevice::ResolvePath(\Media\Textures)
i> F8000080 Added handle:F8000088 for class xe::kernel::XObject
i> F8000080 Removed handle:F8000088 for class xe::kernel::XFile
F> F8000080 StfsContainerDevice::ResolvePath(\Media\Textures)
i> F8000080 Added handle:F8000088 for class xe::kernel::XObject
i> F8000080 Removed handle:F8000088 for class xe::kernel::XFile
F> F8000080 StfsContainerDevice::ResolvePath(\Media\Textures)
i> F8000080 Added handle:F8000088 for class xe::kernel::XObject
i> F8000080 Removed handle:F8000088 for class xe::kernel::XFile
F> F8000080 StfsContainerDevice::ResolvePath(\Media\Textures)
i> F8000080 Added handle:F8000088 for class xe::kernel::XObject
i> F8000080 Removed handle:F8000088 for class xe::kernel::XFile
F> F8000080 StfsContainerDevice::ResolvePath(\Media\Textures)
i> F8000080 Added handle:F8000088 for class xe::kernel::XObject
i> F8000080 Removed handle:F8000088 for class xe::kernel::XFile
F> F8000080 StfsContainerDevice::ResolvePath(\Media\Textures)
i> F8000080 Added handle:F8000088 for class xe::kernel::XObject
i> F8000080 Removed handle:F8000088 for class xe::kernel::XFile
F> F8000080 StfsContainerDevice::ResolvePath(\Media\Textures)
i> F8000080 Added handle:F8000088 for class xe::kernel::XObject
i> F8000080 Removed handle:F8000088 for class xe::kernel::XFile
F> F8000080 StfsContainerDevice::ResolvePath(\Media\Textures)
i> F8000080 Added handle:F8000088 for class xe::kernel::XObject
i> F8000080 Removed handle:F8000088 for class xe::kernel::XFile
F> F8000080 StfsContainerDevice::ResolvePath(\Media\Textures)
i> F8000080 Added handle:F8000088 for class xe::kernel::XObject
i> F8000080 Removed handle:F8000088 for class xe::kernel::XFile
F> F8000080 StfsContainerDevice::ResolvePath(\Media\Textures)
i> F8000080 Added handle:F8000088 for class xe::kernel::XObject
i> F8000080 Removed handle:F8000088 for class xe::kernel::XFile
F> F8000080 StfsContainerDevice::ResolvePath(\Media\Textures)
i> F8000080 Added handle:F8000088 for class xe::kernel::XObject
i> F8000080 Removed handle:F8000088 for class xe::kernel::XFile
F> F8000080 StfsContainerDevice::ResolvePath(\Media\Textures)
i> F8000080 Added handle:F8000088 for class xe::kernel::XObject
i> F8000080 Removed handle:F8000088 for class xe::kernel::XFile
F> F8000080 StfsContainerDevice::ResolvePath(\Media\Textures)
i> F8000080 Added handle:F8000088 for class xe::kernel::XObject
i> F8000080 Removed handle:F8000088 for class xe::kernel::XFile
F> F8000080 StfsContainerDevice::ResolvePath(\Media\Textures)
i> F8000080 Added handle:F8000088 for class xe::kernel::XObject
i> F8000080 Removed handle:F8000088 for class xe::kernel::XFile
F> F8000080 StfsContainerDevice::ResolvePath(\Media\Textures)
i> F8000080 Added handle:F8000088 for class xe::kernel::XObject
i> F8000080 Removed handle:F8000088 for class xe::kernel::XFile
F> F8000080 StfsContainerDevice::ResolvePath(\Media\Textures)
i> F8000080 Added handle:F8000088 for class xe::kernel::XObject
i> F8000080 Removed handle:F8000088 for class xe::kernel::XFile
F> F8000080 StfsContainerDevice::ResolvePath(\Media\Textures)
i> F8000080 Added handle:F8000088 for class xe::kernel::XObject
i> F8000080 Removed handle:F8000088 for class xe::kernel::XFile
F> F8000080 StfsContainerDevice::ResolvePath(\Media\Textures)
i> F8000080 Added handle:F8000088 for class xe::kernel::XObject
i> F8000080 Removed handle:F8000088 for class xe::kernel::XFile
F> F8000080 StfsContainerDevice::ResolvePath(\Media\Textures)
i> F8000080 Added handle:F8000088 for class xe::kernel::XObject
i> F8000080 Removed handle:F8000088 for class xe::kernel::XFile
F> F8000080 StfsContainerDevice::ResolvePath(\Media\Textures)
i> F8000080 Added handle:F8000088 for class xe::kernel::XObject
i> F8000080 Removed handle:F8000088 for class xe::kernel::XFile
F> F8000080 StfsContainerDevice::ResolvePath(\Media\Textures)
i> F8000080 Added handle:F8000088 for class xe::kernel::XObject
i> F8000080 Removed handle:F8000088 for class xe::kernel::XFile
F> F8000080 StfsContainerDevice::ResolvePath(\Media\Textures)
i> F8000080 Added handle:F8000088 for class xe::kernel::XObject
i> F8000080 Removed handle:F8000088 for class xe::kernel::XFile
F> F8000080 StfsContainerDevice::ResolvePath(\Media\Textures)
i> F8000080 Added handle:F8000088 for class xe::kernel::XObject
i> F8000080 Removed handle:F8000088 for class xe::kernel::XFile
F> F8000080 StfsContainerDevice::ResolvePath(\Media\Textures)
i> F8000080 Added handle:F8000088 for class xe::kernel::XObject
i> F8000080 Removed handle:F8000088 for class xe::kernel::XFile
F> F8000080 StfsContainerDevice::ResolvePath(\Media\Textures)
i> F8000080 Added handle:F8000088 for class xe::kernel::XObject
i> F8000080 Removed handle:F8000088 for class xe::kernel::XFile
F> F8000080 StfsContainerDevice::ResolvePath(\Media\Textures)
i> F8000080 Added handle:F8000088 for class xe::kernel::XObject
i> F8000080 Removed handle:F8000088 for class xe::kernel::XFile
F> F8000080 StfsContainerDevice::ResolvePath(\Media\Textures)
i> F8000080 Added handle:F8000088 for class xe::kernel::XObject
i> F8000080 Removed handle:F8000088 for class xe::kernel::XFile
F> F8000080 StfsContainerDevice::ResolvePath(\Media\Textures)
i> F8000080 Added handle:F8000088 for class xe::kernel::XObject
i> F8000080 Removed handle:F8000088 for class xe::kernel::XFile
F> F8000080 StfsContainerDevice::ResolvePath(\Media\Textures)
i> F8000080 Added handle:F8000088 for class xe::kernel::XObject
i> F8000080 Removed handle:F8000088 for class xe::kernel::XFile
F> F8000080 StfsContainerDevice::ResolvePath(\Media\Textures)
i> F8000080 Added handle:F8000088 for class xe::kernel::XObject
i> F8000080 Removed handle:F8000088 for class xe::kernel::XFile
F> F8000080 StfsContainerDevice::ResolvePath(\Media\Textures)
i> F8000080 Added handle:F8000088 for class xe::kernel::XObject
i> F8000080 Removed handle:F8000088 for class xe::kernel::XFile
F> F8000080 StfsContainerDevice::ResolvePath(\Media\Textures)
i> F8000080 Added handle:F8000088 for class xe::kernel::XObject
i> F8000080 Removed handle:F8000088 for class xe::kernel::XFile
F> F8000080 StfsContainerDevice::ResolvePath(\Media\Textures)
i> F8000080 Added handle:F8000088 for class xe::kernel::XObject
i> F8000080 Removed handle:F8000088 for class xe::kernel::XFile
F> F8000080 StfsContainerDevice::ResolvePath(\Media\Textures)
i> F8000080 Added handle:F8000088 for class xe::kernel::XObject
i> F8000080 Removed handle:F8000088 for class xe::kernel::XFile
F> F8000080 StfsContainerDevice::ResolvePath(\Media\Textures)
i> F8000080 Added handle:F8000088 for class xe::kernel::XObject
i> F8000080 Removed handle:F8000088 for class xe::kernel::XFile
F> F8000080 StfsContainerDevice::ResolvePath(\Media\Textures)
i> F8000080 Added handle:F8000088 for class xe::kernel::XObject
i> F8000080 Removed handle:F8000088 for class xe::kernel::XFile
F> F8000080 StfsContainerDevice::ResolvePath(\Media\Textures)
i> F8000080 Added handle:F8000088 for class xe::kernel::XObject
i> F8000080 Removed handle:F8000088 for class xe::kernel::XFile
F> F8000080 StfsContainerDevice::ResolvePath(\Media\Textures)
i> F8000080 Added handle:F8000088 for class xe::kernel::XObject
i> F8000080 Removed handle:F8000088 for class xe::kernel::XFile
F> F8000080 StfsContainerDevice::ResolvePath(\Media\Textures)
i> F8000080 Added handle:F8000088 for class xe::kernel::XObject
i> F8000080 Removed handle:F8000088 for class xe::kernel::XFile
F> F8000080 StfsContainerDevice::ResolvePath(\Media\Textures)
i> F8000080 Added handle:F8000088 for class xe::kernel::XObject
i> F8000080 Removed handle:F8000088 for class xe::kernel::XFile
F> F8000080 StfsContainerDevice::ResolvePath(\Media\Textures)
i> F8000080 Added handle:F8000088 for class xe::kernel::XObject
i> F8000080 Removed handle:F8000088 for class xe::kernel::XFile
F> F8000080 StfsContainerDevice::ResolvePath(\Media\Textures)
i> F8000080 Added handle:F8000088 for class xe::kernel::XObject
i> F8000080 Removed handle:F8000088 for class xe::kernel::XFile
F> F8000080 StfsContainerDevice::ResolvePath(\Media\Textures)
i> F8000080 Added handle:F8000088 for class xe::kernel::XObject
i> F8000080 Removed handle:F8000088 for class xe::kernel::XFile
F> F8000080 StfsContainerDevice::ResolvePath(\Media\Textures)
i> F8000080 Added handle:F8000088 for class xe::kernel::XObject
i> F8000080 Removed handle:F8000088 for class xe::kernel::XFile
F> F8000080 StfsContainerDevice::ResolvePath(\Media\Textures)
i> F8000080 Added handle:F8000088 for class xe::kernel::XObject
i> F8000080 Removed handle:F8000088 for class xe::kernel::XFile
F> F8000080 StfsContainerDevice::ResolvePath(\Media\Textures)
i> F8000080 Added handle:F8000088 for class xe::kernel::XObject
i> F8000080 Removed handle:F8000088 for class xe::kernel::XFile
F> F8000080 StfsContainerDevice::ResolvePath(\Media\Textures)
i> F8000080 Added handle:F8000088 for class xe::kernel::XObject
i> F8000080 Removed handle:F8000088 for class xe::kernel::XFile
F> F8000080 StfsContainerDevice::ResolvePath(\Media\Textures)
i> F8000080 Added handle:F8000088 for class xe::kernel::XObject
i> F8000080 Removed handle:F8000088 for class xe::kernel::XFile
F> F8000080 StfsContainerDevice::ResolvePath(\Media\Textures)
i> F8000080 Added handle:F8000088 for class xe::kernel::XObject
i> F8000080 Removed handle:F8000088 for class xe::kernel::XFile
F> F8000080 StfsContainerDevice::ResolvePath(\Media\Textures)
i> F8000080 Added handle:F8000088 for class xe::kernel::XObject
i> F8000080 Removed handle:F8000088 for class xe::kernel::XFile
F> F8000080 StfsContainerDevice::ResolvePath(\Media\Textures)
i> F8000080 Added handle:F8000088 for class xe::kernel::XObject
i> F8000080 Removed handle:F8000088 for class xe::kernel::XFile
F> F8000080 StfsContainerDevice::ResolvePath(\Media\Textures)
i> F8000080 Added handle:F8000088 for class xe::kernel::XObject
i> F8000080 Removed handle:F8000088 for class xe::kernel::XFile
F> F8000080 StfsContainerDevice::ResolvePath(\Media\Textures)
i> F8000080 Added handle:F8000088 for class xe::kernel::XObject
i> F8000080 Removed handle:F8000088 for class xe::kernel::XFile
F> F8000080 StfsContainerDevice::ResolvePath(\Media\Textures)
i> F8000080 Added handle:F8000088 for class xe::kernel::XObject
i> F8000080 Removed handle:F8000088 for class xe::kernel::XFile
F> F8000080 StfsContainerDevice::ResolvePath(\Media\Textures)
i> F8000080 Added handle:F8000088 for class xe::kernel::XObject
i> F8000080 Removed handle:F8000088 for class xe::kernel::XFile
F> F8000080 StfsContainerDevice::ResolvePath(\Media\Textures)
i> F8000080 Added handle:F8000088 for class xe::kernel::XObject
i> F8000080 Removed handle:F8000088 for class xe::kernel::XFile
F> F8000080 StfsContainerDevice::ResolvePath(\Media\Textures)
i> F8000080 Added handle:F8000088 for class xe::kernel::XObject
i> F8000080 Removed handle:F8000088 for class xe::kernel::XFile
F> F8000080 StfsContainerDevice::ResolvePath(\Media\Textures)
i> F8000080 Added handle:F8000088 for class xe::kernel::XObject
i> F8000080 Removed handle:F8000088 for class xe::kernel::XFile
F> F8000080 StfsContainerDevice::ResolvePath(\Media\Textures)
i> F8000080 Added handle:F8000088 for class xe::kernel::XObject
i> F8000080 Removed handle:F8000088 for class xe::kernel::XFile
F> F8000080 StfsContainerDevice::ResolvePath(\Media\Textures)
i> F8000080 Added handle:F8000088 for class xe::kernel::XObject
i> F8000080 Removed handle:F8000088 for class xe::kernel::XFile
F> F8000080 StfsContainerDevice::ResolvePath(\Media\Textures)
i> F8000080 Added handle:F8000088 for class xe::kernel::XObject
i> F8000080 Removed handle:F8000088 for class xe::kernel::XFile
F> F8000080 StfsContainerDevice::ResolvePath(\Media\Textures)
i> F8000080 Added handle:F8000088 for class xe::kernel::XObject
i> F8000080 Removed handle:F8000088 for class xe::kernel::XFile
i> F8000028 Removed handle:F800006C for class xe::kernel::XThread
i> F8000028 Removed handle:F8000020 for class xe::kernel::UserModule
